<?xml version="1.0" encoding="UTF-8"?>
<!-- Generated by org.testng.reporters.JUnitXMLReporter -->
<testsuite ignored="0" hostname="DESKTOP-KMS877P" failures="0" tests="12" name="TutorialsNinjaTestCases" time="0.321" errors="0" timestamp="2023-08-05T09:32:52 IST">
  <testcase classname="Ninja.qa.Register" name="@BeforeMethod setup" time="0.015">
    <failure type="java.lang.NullPointerException" message="Cannot invoke &amp;quot;java.util.Properties.getProperty(String)&amp;quot; because &amp;quot;this.prop&amp;quot; is null">
      <![CDATA[java.lang.NullPointerException: Cannot invoke "java.util.Properties.getProperty(String)" because "this.prop" is null
at Ninja.qa.Register.setup(Register.java:21)
at java.base/java.util.ArrayList.forEach(ArrayList.java:1511)
... Removed 29 stack frames]]>
    </failure>
  </testcase> <!-- @BeforeMethod setup -->
  <testcase classname="Ninja.qa.Register" name="@AfterMethod tearDown" time="0.0">
    <skipped/>
  </testcase> <!-- @AfterMethod tearDown -->
  <testcase classname="Ninja.qa.Register" name="@BeforeMethod setup" time="0.0">
    <skipped/>
  </testcase> <!-- @BeforeMethod setup -->
  <testcase classname="Ninja.qa.Register" name="@AfterMethod tearDown" time="0.0">
    <skipped/>
  </testcase> <!-- @AfterMethod tearDown -->
  <testcase classname="Ninja.qa.Register" name="@BeforeMethod setup" time="0.0">
    <skipped/>
  </testcase> <!-- @BeforeMethod setup -->
  <testcase classname="Ninja.qa.Register" name="@AfterMethod tearDown" time="0.0">
    <skipped/>
  </testcase> <!-- @AfterMethod tearDown -->
  <testcase classname="Ninja.qa.Register" name="@BeforeMethod setup" time="0.0">
    <skipped/>
  </testcase> <!-- @BeforeMethod setup -->
  <testcase classname="Ninja.qa.Register" name="@AfterMethod tearDown" time="0.0">
    <skipped/>
  </testcase> <!-- @AfterMethod tearDown -->
  <testcase classname="Ninja.qa.Login" name="@BeforeMethod setup" time="0.001">
    <failure type="java.lang.NullPointerException" message="Cannot invoke &amp;quot;java.util.Properties.getProperty(String)&amp;quot; because &amp;quot;this.prop&amp;quot; is null">
      <![CDATA[java.lang.NullPointerException: Cannot invoke "java.util.Properties.getProperty(String)" because "this.prop" is null
at Ninja.qa.Login.setup(Login.java:23)
at java.base/java.util.ArrayList.forEach(ArrayList.java:1511)
... Removed 29 stack frames]]>
    </failure>
  </testcase> <!-- @BeforeMethod setup -->
  <testcase classname="Ninja.qa.Login" name="@AfterMethod BrowserCloseMethod" time="0.0">
    <skipped/>
  </testcase> <!-- @AfterMethod BrowserCloseMethod -->
  <testcase classname="Ninja.qa.Login" name="@BeforeMethod setup" time="0.0">
    <skipped/>
  </testcase> <!-- @BeforeMethod setup -->
  <testcase classname="Ninja.qa.Login" name="@AfterMethod BrowserCloseMethod" time="0.0">
    <skipped/>
  </testcase> <!-- @AfterMethod BrowserCloseMethod -->
  <testcase classname="Ninja.qa.Login" name="@BeforeMethod setup" time="0.0">
    <skipped/>
  </testcase> <!-- @BeforeMethod setup -->
  <testcase classname="Ninja.qa.Login" name="@AfterMethod BrowserCloseMethod" time="0.0">
    <skipped/>
  </testcase> <!-- @AfterMethod BrowserCloseMethod -->
  <testcase classname="Ninja.qa.Login" name="@BeforeMethod setup" time="0.0">
    <skipped/>
  </testcase> <!-- @BeforeMethod setup -->
  <testcase classname="Ninja.qa.Login" name="@AfterMethod BrowserCloseMethod" time="0.0">
    <skipped/>
  </testcase> <!-- @AfterMethod BrowserCloseMethod -->
  <testcase classname="Ninja.qa.Login" name="@BeforeMethod setup" time="0.0">
    <skipped/>
  </testcase> <!-- @BeforeMethod setup -->
  <testcase classname="Ninja.qa.Login" name="@AfterMethod BrowserCloseMethod" time="0.0">
    <skipped/>
  </testcase> <!-- @AfterMethod BrowserCloseMethod -->
  <testcase classname="Ninja.qa.Search" name="@BeforeMethod SetUp" time="0.001">
    <failure type="java.lang.NullPointerException" message="Cannot invoke &amp;quot;java.util.Properties.getProperty(String)&amp;quot; because &amp;quot;this.prop&amp;quot; is null">
      <![CDATA[java.lang.NullPointerException: Cannot invoke "java.util.Properties.getProperty(String)" because "this.prop" is null
at Ninja.qa.Search.SetUp(Search.java:28)
at java.base/java.util.ArrayList.forEach(ArrayList.java:1511)
... Removed 29 stack frames]]>
    </failure>
  </testcase> <!-- @BeforeMethod SetUp -->
  <testcase classname="Ninja.qa.Search" name="@AfterMethod tearDown" time="0.0">
    <skipped/>
  </testcase> <!-- @AfterMethod tearDown -->
  <testcase classname="Ninja.qa.Search" name="@BeforeMethod SetUp" time="0.0">
    <skipped/>
  </testcase> <!-- @BeforeMethod SetUp -->
  <testcase classname="Ninja.qa.Search" name="@AfterMethod tearDown" time="0.0">
    <skipped/>
  </testcase> <!-- @AfterMethod tearDown -->
  <testcase classname="Ninja.qa.Search" name="@BeforeMethod SetUp" time="0.0">
    <skipped/>
  </testcase> <!-- @BeforeMethod SetUp -->
  <testcase classname="Ninja.qa.Search" name="@AfterMethod tearDown" time="0.0">
    <skipped/>
  </testcase> <!-- @AfterMethod tearDown -->
  <testcase classname="Ninja.qa.Register" name="VerifyRegisteringAnAccountshowsMandatoryFields" time="0.0">
    <skipped/>
  </testcase> <!-- VerifyRegisteringAnAccountshowsMandatoryFields -->
  <testcase classname="Ninja.qa.Register" name="VerifyRegisteringAnAccountByProvidingAllFields" time="0.0">
    <skipped/>
  </testcase> <!-- VerifyRegisteringAnAccountByProvidingAllFields -->
  <testcase classname="Ninja.qa.Register" name="VerifyRegisteringAnAccountByProvidingAllFieldswithExistingEmailAddress" time="0.0">
    <skipped/>
  </testcase> <!-- VerifyRegisteringAnAccountByProvidingAllFieldswithExistingEmailAddress -->
  <testcase classname="Ninja.qa.Register" name="VerifyloggingintotheApplicatioWithouProvidingAnycredentials" time="0.0">
    <skipped/>
  </testcase> <!-- VerifyloggingintotheApplicatioWithouProvidingAnycredentials -->
  <testcase classname="Ninja.qa.Login" name="VerifyLoginWithValidCreden" time="0.002">
    <skipped/>
  </testcase> <!-- VerifyLoginWithValidCreden -->
  <testcase classname="Ninja.qa.Login" name="VerifyLoginWithINValidCreden" time="0.0">
    <skipped/>
  </testcase> <!-- VerifyLoginWithINValidCreden -->
  <testcase classname="Ninja.qa.Login" name="VerifyLoginWithINValidEmailAndValidPassword" time="0.001">
    <skipped/>
  </testcase> <!-- VerifyLoginWithINValidEmailAndValidPassword -->
  <testcase classname="Ninja.qa.Login" name="VerifyLoginWithValidEmailAndINValidPassword" time="0.0">
    <skipped/>
  </testcase> <!-- VerifyLoginWithValidEmailAndINValidPassword -->
  <testcase classname="Ninja.qa.Login" name="VerifyLoginwithoutCredentials" time="0.001">
    <skipped/>
  </testcase> <!-- VerifyLoginwithoutCredentials -->
  <testcase classname="Ninja.qa.Search" name="VerifySearchValidProduct" time="0.0">
    <skipped/>
  </testcase> <!-- VerifySearchValidProduct -->
  <testcase classname="Ninja.qa.Search" name="VerifySearchWithNonValidProject" time="0.001">
    <skipped/>
  </testcase> <!-- VerifySearchWithNonValidProject -->
  <testcase classname="Ninja.qa.Search" name="VerifySearchWithoutAnyProduct" time="0.0">
    <skipped/>
  </testcase> <!-- VerifySearchWithoutAnyProduct -->
</testsuite> <!-- TutorialsNinjaTestCases -->
