<?xml version="1.0" encoding="UTF-8"?>
<!-- Generated by org.testng.reporters.JUnitXMLReporter -->
<testsuite ignored="0" hostname="DESKTOP-KMS877P" failures="0" tests="12" name="Testpara" time="62.827" errors="0" timestamp="2023-08-06T10:24:35 IST">
  <testcase classname="Ninja.qa.Search" name="VerifySearchValidProduct" time="2.151"/>
  <testcase classname="Ninja.qa.Login" name="VerifyLoginWithValidCreden" time="2.781"/>
  <testcase classname="Ninja.qa.Register" name="VerifyRegisteringAnAccountshowsMandatoryFields" time="3.614"/>
  <testcase classname="Ninja.qa.Search" name="VerifySearchWithNonValidProject" time="2.036"/>
  <testcase classname="Ninja.qa.Login" name="VerifyLoginWithINValidCreden" time="2.352"/>
  <testcase classname="Ninja.qa.Register" name="VerifyRegisteringAnAccountByProvidingAllFields" time="3.486"/>
  <testcase classname="Ninja.qa.Search" name="VerifySearchWithoutAnyProduct" time="1.206"/>
  <testcase classname="Ninja.qa.Login" name="VerifyLoginWithINValidEmailAndValidPassword" time="1.283"/>
  <testcase classname="Ninja.qa.Register" name="VerifyRegisteringAnAccountByProvidingAllFieldswithExistingEmailAddress" time="2.504"/>
  <testcase classname="Ninja.qa.Login" name="VerifyLoginWithValidEmailAndINValidPassword" time="1.875"/>
  <testcase classname="Ninja.qa.Register" name="VerifyloggingintotheApplicatioWithouProvidingAnycredentials" time="1.044"/>
  <testcase classname="Ninja.qa.Login" name="VerifyLoginwithoutCredentials" time="0.987"/>
</testsuite> <!-- Testpara -->
