<?xml version="1.0" encoding="UTF-8"?>
<!-- Generated by org.testng.reporters.JUnitXMLReporter -->
<testsuite ignored="4" hostname="USE2DEVPW111466" failures="0" tests="3" name="Default test" time="30.513" errors="0" timestamp="2024-06-06T17:00:56 IST">
  <testcase classname="Ninja.qa.LoginTest" name="VerifyLoginWithValidCreden" time="1.134"/>
  <testcase classname="Ninja.qa.LoginTest" name="VerifyLoginWithValidCreden" time="1.092"/>
  <testcase classname="Ninja.qa.LoginTest" name="VerifyLoginWithValidCreden" time="1.195"/>
  <testcase classname="Ninja.qa.LoginTest" name="VerifyLoginwithoutCredentials" time="0.0">
    <ignored/>
  </testcase> <!-- VerifyLoginwithoutCredentials -->
  <testcase classname="Ninja.qa.LoginTest" name="VerifyLoginWithINValidEmailAndValidPassword" time="0.0">
    <ignored/>
  </testcase> <!-- VerifyLoginWithINValidEmailAndValidPassword -->
  <testcase classname="Ninja.qa.LoginTest" name="VerifyLoginWithINValidCreden" time="0.0">
    <ignored/>
  </testcase> <!-- VerifyLoginWithINValidCreden -->
  <testcase classname="Ninja.qa.LoginTest" name="VerifyLoginWithValidEmailAndINValidPassword" time="0.0">
    <ignored/>
  </testcase> <!-- VerifyLoginWithValidEmailAndINValidPassword -->
</testsuite> <!-- Default test -->
