<?xml version="1.0" encoding="UTF-8"?>
<!-- Generated by org.testng.reporters.JUnitXMLReporter -->
<testsuite ignored="0" hostname="DESKTOP-KMS877P" failures="0" tests="14" name="Test" time="105.001" errors="0" timestamp="2023-08-20T15:53:46 IST">
  <testcase classname="Ninja.qa.RegisterTest" name="VerifyRegisteringAnAccountshowsMandatoryFields" time="1.937"/>
  <testcase classname="Ninja.qa.RegisterTest" name="VerifyRegisteringAnAccountByProvidingAllFields" time="2.053"/>
  <testcase classname="Ninja.qa.RegisterTest" name="VerifyRegisteringAnAccountByProvidingAllFieldswithExistingEmailAddress" time="1.758"/>
  <testcase classname="Ninja.qa.RegisterTest" name="VerifyloggingintotheApplicatioWithouProvidingAnycredentials" time="0.681"/>
  <testcase classname="Ninja.qa.LoginTest" name="VerifyLoginWithValidCreden" time="0.979"/>
  <testcase classname="Ninja.qa.LoginTest" name="VerifyLoginWithValidCreden" time="0.938"/>
  <testcase classname="Ninja.qa.LoginTest" name="VerifyLoginWithValidCreden" time="1.191"/>
  <testcase classname="Ninja.qa.LoginTest" name="VerifyLoginWithINValidCreden" time="0.867"/>
  <testcase classname="Ninja.qa.LoginTest" name="VerifyLoginWithINValidEmailAndValidPassword" time="0.95"/>
  <testcase classname="Ninja.qa.LoginTest" name="VerifyLoginWithValidEmailAndINValidPassword" time="0.879"/>
  <testcase classname="Ninja.qa.LoginTest" name="VerifyLoginwithoutCredentials" time="1.585"/>
  <testcase classname="Ninja.qa.SearchTest" name="VerifySearchValidProduct" time="0.934"/>
  <testcase classname="Ninja.qa.SearchTest" name="VerifySearchWithNonValidProject" time="1.749"/>
  <testcase classname="Ninja.qa.SearchTest" name="VerifySearchWithoutAnyProduct" time="0.713"/>
</testsuite> <!-- Test -->
