<?xml version="1.0" encoding="UTF-8"?>
<!-- Generated by org.testng.reporters.JUnitXMLReporter -->
<testsuite ignored="0" hostname="DESKTOP-KMS877P" failures="0" tests="12" name="Test" time="90.658" errors="0" timestamp="2023-08-06T09:50:35 IST">
  <testcase classname="Ninja.qa.copy.Register" name="VerifyRegisteringAnAccountshowsMandatoryFields" time="2.38"/>
  <testcase classname="Ninja.qa.copy.Register" name="VerifyRegisteringAnAccountByProvidingAllFields" time="1.871"/>
  <testcase classname="Ninja.qa.copy.Register" name="VerifyRegisteringAnAccountByProvidingAllFieldswithExistingEmailAddress" time="2.099"/>
  <testcase classname="Ninja.qa.copy.Register" name="VerifyloggingintotheApplicatioWithouProvidingAnycredentials" time="0.752"/>
  <testcase classname="Ninja.qa.copy.Search" name="VerifySearchValidProduct" time="0.99"/>
  <testcase classname="Ninja.qa.copy.Search" name="VerifySearchWithNonValidProject" time="0.69"/>
  <testcase classname="Ninja.qa.copy.Search" name="VerifySearchWithoutAnyProduct" time="0.678"/>
  <testcase classname="Ninja.qa.copy.Login" name="VerifyLoginWithValidCreden" time="1.568"/>
  <testcase classname="Ninja.qa.copy.Login" name="VerifyLoginWithINValidCreden" time="1.4"/>
  <testcase classname="Ninja.qa.copy.Login" name="VerifyLoginWithINValidEmailAndValidPassword" time="1.452"/>
  <testcase classname="Ninja.qa.copy.Login" name="VerifyLoginWithValidEmailAndINValidPassword" time="0.89"/>
  <testcase classname="Ninja.qa.copy.Login" name="VerifyLoginwithoutCredentials" time="0.756"/>
</testsuite> <!-- Test -->
